d:\dsa\ungraded\avl\avl\debug\vc142.pdb
d:\dsa\ungraded\avl\avl\debug\vc142.idb
d:\dsa\ungraded\avl\avl\debug\stack_implementation.obj
d:\dsa\ungraded\avl\avl\debug\stack.obj
d:\dsa\ungraded\avl\avl\debug\node_implementation.obj
d:\dsa\ungraded\avl\avl\debug\node.obj
d:\dsa\ungraded\avl\avl\debug\driver.obj
d:\dsa\ungraded\avl\avl\debug\btnode_implementation.obj
d:\dsa\ungraded\avl\avl\debug\btnode.obj
d:\dsa\ungraded\avl\avl\debug\avl_implementation.obj
d:\dsa\ungraded\avl\avl\debug\avl.obj
d:\dsa\ungraded\avl\debug\avl.exe
d:\dsa\ungraded\avl\avl\debug\avl.ilk
d:\dsa\ungraded\avl\debug\avl.pdb
d:\dsa\ungraded\avl\avl\debug\avl.tlog\cl.command.1.tlog
d:\dsa\ungraded\avl\avl\debug\avl.tlog\cl.read.1.tlog
d:\dsa\ungraded\avl\avl\debug\avl.tlog\cl.write.1.tlog
d:\dsa\ungraded\avl\avl\debug\avl.tlog\link.command.1.tlog
d:\dsa\ungraded\avl\avl\debug\avl.tlog\link.read.1.tlog
d:\dsa\ungraded\avl\avl\debug\avl.tlog\link.write.1.tlog
